<<<<<<< HEAD


Processing ApplicationController#index (for 127.0.0.1 at 2011-05-24 11:44:02) [GET]

ActionController::RoutingError (No route matches "/" with {:method=>:get}):
  sass (3.1.1) lib/sass/./sass/plugin/rack.rb:54:in `call'

Rendering rescues/layout (not_found)


Processing UsersController#new (for 127.0.0.1 at 2011-05-24 11:44:20) [GET]
  Parameters: {"action"=>"new", "controller"=>"users"}
  [4;36;1mSQL (0.3ms)[0m   [0;1m SELECT name
 FROM sqlite_master
 WHERE type = 'table' AND NOT name = 'sqlite_sequence'
[0m
  [4;35;1mSQL (0.1ms)[0m   [0m SELECT name
 FROM sqlite_master
 WHERE type = 'table' AND NOT name = 'sqlite_sequence'
[0m

NameError (undefined local variable or method `acts_as_authentic' for User(Table doesn't exist):Class):
  /Library/Ruby/Gems/1.8/gems/will_paginate-2.3.15/lib/will_paginate/finder.rb:170:in `method_missing'
  app/models/user.rb:2
  app/controllers/users_controller.rb:3:in `new'
  sass (3.1.1) lib/sass/./sass/plugin/rack.rb:54:in `call'

Rendered rescues/_trace (118.3ms)
Rendered rescues/_request_and_response (1.3ms)
Rendering rescues/layout (internal_server_error)


Processing UsersController#new (for 127.0.0.1 at 2011-05-24 11:45:51) [GET]
  Parameters: {"action"=>"new", "controller"=>"users"}
  [4;36;1mSQL (12.7ms)[0m   [0;1m SELECT name
 FROM sqlite_master
 WHERE type = 'table' AND NOT name = 'sqlite_sequence'
[0m
  [4;35;1mSQL (0.1ms)[0m   [0m SELECT name
 FROM sqlite_master
 WHERE type = 'table' AND NOT name = 'sqlite_sequence'
[0m

NameError (undefined local variable or method `acts_as_authentic' for User(Table doesn't exist):Class):
  /Library/Ruby/Gems/1.8/gems/will_paginate-2.3.15/lib/will_paginate/finder.rb:170:in `method_missing'
  app/models/user.rb:2
  app/controllers/users_controller.rb:3:in `new'
  sass (3.1.1) lib/sass/./sass/plugin/rack.rb:54:in `call'

Rendered rescues/_trace (121.4ms)
Rendered rescues/_request_and_response (1.3ms)
Rendering rescues/layout (internal_server_error)


Processing UsersController#new (for 127.0.0.1 at 2011-05-24 11:45:53) [GET]
  Parameters: {"action"=>"new", "controller"=>"users"}
  [4;36;1mSQL (0.2ms)[0m   [0;1m SELECT name
 FROM sqlite_master
 WHERE type = 'table' AND NOT name = 'sqlite_sequence'
[0m
  [4;35;1mSQL (0.1ms)[0m   [0m SELECT name
 FROM sqlite_master
 WHERE type = 'table' AND NOT name = 'sqlite_sequence'
[0m

NameError (undefined local variable or method `acts_as_authentic' for User(Table doesn't exist):Class):
  /Library/Ruby/Gems/1.8/gems/will_paginate-2.3.15/lib/will_paginate/finder.rb:170:in `method_missing'
  app/models/user.rb:2
  app/controllers/users_controller.rb:3:in `new'
  sass (3.1.1) lib/sass/./sass/plugin/rack.rb:54:in `call'

Rendered rescues/_trace (41.0ms)
Rendered rescues/_request_and_response (0.3ms)
Rendering rescues/layout (internal_server_error)


Processing UsersController#new (for 127.0.0.1 at 2011-05-24 11:45:54) [GET]
  Parameters: {"action"=>"new", "controller"=>"users"}
  [4;36;1mSQL (0.2ms)[0m   [0;1m SELECT name
 FROM sqlite_master
 WHERE type = 'table' AND NOT name = 'sqlite_sequence'
[0m
  [4;35;1mSQL (0.2ms)[0m   [0m SELECT name
 FROM sqlite_master
 WHERE type = 'table' AND NOT name = 'sqlite_sequence'
[0m

NameError (undefined local variable or method `acts_as_authentic' for User(Table doesn't exist):Class):
  /Library/Ruby/Gems/1.8/gems/will_paginate-2.3.15/lib/will_paginate/finder.rb:170:in `method_missing'
  app/models/user.rb:2
  app/controllers/users_controller.rb:3:in `new'
  sass (3.1.1) lib/sass/./sass/plugin/rack.rb:54:in `call'

Rendered rescues/_trace (124.6ms)
Rendered rescues/_request_and_response (0.3ms)
Rendering rescues/layout (internal_server_error)


Processing UsersController#new (for 127.0.0.1 at 2011-05-24 11:45:54) [GET]
  Parameters: {"action"=>"new", "controller"=>"users"}
  [4;36;1mSQL (0.2ms)[0m   [0;1m SELECT name
 FROM sqlite_master
 WHERE type = 'table' AND NOT name = 'sqlite_sequence'
[0m
  [4;35;1mSQL (0.1ms)[0m   [0m SELECT name
 FROM sqlite_master
 WHERE type = 'table' AND NOT name = 'sqlite_sequence'
[0m

NameError (undefined local variable or method `acts_as_authentic' for User(Table doesn't exist):Class):
  /Library/Ruby/Gems/1.8/gems/will_paginate-2.3.15/lib/will_paginate/finder.rb:170:in `method_missing'
  app/models/user.rb:2
  app/controllers/users_controller.rb:3:in `new'
  sass (3.1.1) lib/sass/./sass/plugin/rack.rb:54:in `call'

Rendered rescues/_trace (43.2ms)
Rendered rescues/_request_and_response (0.3ms)
Rendering rescues/layout (internal_server_error)
  [4;36;1mSQL (0.6ms)[0m   [0;1m SELECT name
 FROM sqlite_master
 WHERE type = 'table' AND NOT name = 'sqlite_sequence'
[0m
  [4;35;1mSQL (0.1ms)[0m   [0mselect sqlite_version(*)[0m
  [4;36;1mSQL (38.7ms)[0m   [0;1mCREATE TABLE "schema_migrations" ("version" varchar(255) NOT NULL) [0m
  [4;35;1mSQL (13.4ms)[0m   [0mPRAGMA index_list("schema_migrations")[0m
  [4;36;1mSQL (1.8ms)[0m   [0;1mCREATE UNIQUE INDEX "unique_schema_migrations" ON "schema_migrations" ("version")[0m
  [4;35;1mSQL (0.1ms)[0m   [0m SELECT name
 FROM sqlite_master
 WHERE type = 'table' AND NOT name = 'sqlite_sequence'
[0m
  [4;36;1mSQL (0.1ms)[0m   [0;1mSELECT version FROM schema_migrations[0m
Migrating to CreateRequests (20110524170413)
  [4;35;1mSQL (0.5ms)[0m   [0mCREATE TABLE "requests" ("id" INTEGER PRIMARY KEY AUTOINCREMENT NOT NULL, "date" datetime, "start_time" datetime, "end_time" datetime, "cost" decimal, "created_at" datetime, "updated_at" datetime) [0m
  [4;36;1mSQL (0.1ms)[0m   [0;1mINSERT INTO schema_migrations (version) VALUES ('20110524170413')[0m
Migrating to CreateUsers (20110524173323)
  [4;35;1mSQL (0.5ms)[0m   [0mCREATE TABLE "users" ("id" INTEGER PRIMARY KEY AUTOINCREMENT NOT NULL, "username" varchar(255), "email" varchar(255), "persistence_token" varchar(255), "crypted_password" varchar(255), "password_salt" varchar(255), "phone" varchar(255), "role_id" integer, "first_name" varchar(255), "last_name" varchar(255), "created_at" datetime, "updated_at" datetime) [0m
  [4;36;1mSQL (0.1ms)[0m   [0;1mINSERT INTO schema_migrations (version) VALUES ('20110524173323')[0m
  [4;35;1mSQL (0.3ms)[0m   [0m SELECT name
 FROM sqlite_master
 WHERE type = 'table' AND NOT name = 'sqlite_sequence'
[0m
  [4;36;1mSQL (0.1ms)[0m   [0;1mSELECT version FROM schema_migrations[0m
  [4;35;1mSQL (0.1ms)[0m   [0m SELECT name
 FROM sqlite_master
 WHERE type = 'table' AND NOT name = 'sqlite_sequence'
[0m
  [4;36;1mSQL (0.0ms)[0m   [0;1mPRAGMA index_list("requests")[0m
  [4;35;1mSQL (0.0ms)[0m   [0mPRAGMA index_list("users")[0m


Processing UsersController#new (for 127.0.0.1 at 2011-05-24 11:46:18) [GET]
  Parameters: {"action"=>"new", "controller"=>"users"}
  [4;36;1mSQL (0.5ms)[0m   [0;1m SELECT name
 FROM sqlite_master
 WHERE type = 'table' AND NOT name = 'sqlite_sequence'
[0m
  [4;35;1mSQL (0.2ms)[0m   [0m SELECT name
 FROM sqlite_master
 WHERE type = 'table' AND NOT name = 'sqlite_sequence'
[0m

NameError (undefined local variable or method `acts_as_authentic' for #<Class:0x103161f58>):
  /Library/Ruby/Gems/1.8/gems/will_paginate-2.3.15/lib/will_paginate/finder.rb:170:in `method_missing'
  app/models/user.rb:2
  app/controllers/users_controller.rb:3:in `new'
  sass (3.1.1) lib/sass/./sass/plugin/rack.rb:54:in `call'

Rendered rescues/_trace (122.9ms)
Rendered rescues/_request_and_response (1.3ms)
Rendering rescues/layout (internal_server_error)


Processing UsersController#new (for 127.0.0.1 at 2011-05-24 11:46:20) [GET]
  Parameters: {"action"=>"new", "controller"=>"users"}
  [4;36;1mSQL (0.7ms)[0m   [0;1m SELECT name
 FROM sqlite_master
 WHERE type = 'table' AND NOT name = 'sqlite_sequence'
[0m
  [4;35;1mSQL (0.2ms)[0m   [0m SELECT name
 FROM sqlite_master
 WHERE type = 'table' AND NOT name = 'sqlite_sequence'
[0m

NameError (undefined local variable or method `acts_as_authentic' for #<Class:0x1034d35d8>):
  /Library/Ruby/Gems/1.8/gems/will_paginate-2.3.15/lib/will_paginate/finder.rb:170:in `method_missing'
  app/models/user.rb:2
  app/controllers/users_controller.rb:3:in `new'
  sass (3.1.1) lib/sass/./sass/plugin/rack.rb:54:in `call'

Rendered rescues/_trace (40.7ms)
Rendered rescues/_request_and_response (0.3ms)
Rendering rescues/layout (internal_server_error)


Processing ApplicationController#index (for 127.0.0.1 at 2011-05-24 11:46:29) [GET]

ActionController::RoutingError (No route matches "/users_sessions/new" with {:method=>:get}):
  sass (3.1.1) lib/sass/./sass/plugin/rack.rb:54:in `call'

Rendering rescues/layout (not_found)


Processing UserSessionsController#new (for 127.0.0.1 at 2011-05-24 11:46:35) [GET]
  Parameters: {"action"=>"new", "controller"=>"user_sessions"}

NameError (uninitialized constant Authlogic):
  app/models/user_session.rb:1
  app/controllers/user_sessions_controller.rb:3:in `new'
  sass (3.1.1) lib/sass/./sass/plugin/rack.rb:54:in `call'

Rendered rescues/_trace (131.9ms)
Rendered rescues/_request_and_response (0.3ms)
Rendering rescues/layout (internal_server_error)


Processing UsersController#new (for 127.0.0.1 at 2011-05-24 11:48:29) [GET]
  Parameters: {"action"=>"new", "controller"=>"users"}
  [4;36;1mSQL (0.5ms)[0m   [0;1m SELECT name
 FROM sqlite_master
 WHERE type = 'table' AND NOT name = 'sqlite_sequence'
[0m
  [4;35;1mSQL (0.2ms)[0m   [0m SELECT name
 FROM sqlite_master
 WHERE type = 'table' AND NOT name = 'sqlite_sequence'
[0m

NameError (undefined local variable or method `acts_as_authentic' for #<Class:0x103161f58>):
  /Library/Ruby/Gems/1.8/gems/will_paginate-2.3.15/lib/will_paginate/finder.rb:170:in `method_missing'
  app/models/user.rb:2
  app/controllers/users_controller.rb:3:in `new'
  sass (3.1.1) lib/sass/./sass/plugin/rack.rb:54:in `call'

Rendered rescues/_trace (125.4ms)
Rendered rescues/_request_and_response (1.2ms)
Rendering rescues/layout (internal_server_error)


Processing UsersController#new (for 127.0.0.1 at 2011-05-24 11:48:30) [GET]
  Parameters: {"action"=>"new", "controller"=>"users"}
  [4;36;1mSQL (0.9ms)[0m   [0;1m SELECT name
 FROM sqlite_master
 WHERE type = 'table' AND NOT name = 'sqlite_sequence'
[0m
  [4;35;1mSQL (0.2ms)[0m   [0m SELECT name
 FROM sqlite_master
 WHERE type = 'table' AND NOT name = 'sqlite_sequence'
[0m

NameError (undefined local variable or method `acts_as_authentic' for #<Class:0x1034d35d8>):
  /Library/Ruby/Gems/1.8/gems/will_paginate-2.3.15/lib/will_paginate/finder.rb:170:in `method_missing'
  app/models/user.rb:2
  app/controllers/users_controller.rb:3:in `new'
  sass (3.1.1) lib/sass/./sass/plugin/rack.rb:54:in `call'

Rendered rescues/_trace (39.5ms)
Rendered rescues/_request_and_response (0.3ms)
Rendering rescues/layout (internal_server_error)


Processing UsersController#new (for 127.0.0.1 at 2011-05-24 11:49:34) [GET]
  Parameters: {"action"=>"new", "controller"=>"users"}
  [4;36;1mSQL (0.4ms)[0m   [0;1m SELECT name
 FROM sqlite_master
 WHERE type = 'table' AND NOT name = 'sqlite_sequence'
[0m
  [4;35;1mSQL (0.2ms)[0m   [0m SELECT name
 FROM sqlite_master
 WHERE type = 'table' AND NOT name = 'sqlite_sequence'
[0m

NameError (undefined local variable or method `acts_as_authentic' for #<Class:0x1030bfd20>):
  /Library/Ruby/Gems/1.8/gems/will_paginate-2.3.15/lib/will_paginate/finder.rb:170:in `method_missing'
  app/models/user.rb:2
  app/controllers/users_controller.rb:3:in `new'
  sass (3.1.1) lib/sass/./sass/plugin/rack.rb:54:in `call'

Rendered rescues/_trace (127.8ms)
Rendered rescues/_request_and_response (0.3ms)
Rendering rescues/layout (internal_server_error)


Processing UsersController#index (for 127.0.0.1 at 2011-05-24 11:49:37) [GET]
  Parameters: {"action"=>"index", "controller"=>"users"}

ActionController::UnknownAction (No action responded to index. Actions: create, current_user, current_user_session, logged_in?, login_required, new, and redirect_to_target_or_default):
  sass (3.1.1) lib/sass/./sass/plugin/rack.rb:54:in `call'

Rendering rescues/layout (not_found)


Processing UsersController#new (for 127.0.0.1 at 2011-05-24 11:49:41) [GET]
  Parameters: {"action"=>"new", "controller"=>"users"}
  [4;36;1mSQL (0.4ms)[0m   [0;1m SELECT name
 FROM sqlite_master
 WHERE type = 'table' AND NOT name = 'sqlite_sequence'
[0m
  [4;35;1mSQL (0.2ms)[0m   [0m SELECT name
 FROM sqlite_master
 WHERE type = 'table' AND NOT name = 'sqlite_sequence'
[0m

NameError (undefined local variable or method `acts_as_authentic' for #<Class:0x1032d5718>):
  /Library/Ruby/Gems/1.8/gems/will_paginate-2.3.15/lib/will_paginate/finder.rb:170:in `method_missing'
  app/models/user.rb:2
  app/controllers/users_controller.rb:3:in `new'
  sass (3.1.1) lib/sass/./sass/plugin/rack.rb:54:in `call'

Rendered rescues/_trace (40.7ms)
Rendered rescues/_request_and_response (0.3ms)
Rendering rescues/layout (internal_server_error)


Processing UserSessionsController#destroy (for 127.0.0.1 at 2011-05-24 11:49:51) [GET]
  Parameters: {"action"=>"destroy", "controller"=>"user_sessions"}

NameError (uninitialized constant Authlogic):
  app/models/user_session.rb:1
  app/controllers/user_sessions_controller.rb:17:in `destroy'
  sass (3.1.1) lib/sass/./sass/plugin/rack.rb:54:in `call'

Rendered rescues/_trace (48.1ms)
Rendered rescues/_request_and_response (0.3ms)
Rendering rescues/layout (internal_server_error)


Processing UserSessionsController#new (for 127.0.0.1 at 2011-05-24 11:49:56) [GET]
  Parameters: {"action"=>"new", "controller"=>"user_sessions"}

NameError (uninitialized constant Authlogic):
  app/models/user_session.rb:1
  app/controllers/user_sessions_controller.rb:3:in `new'
  sass (3.1.1) lib/sass/./sass/plugin/rack.rb:54:in `call'

Rendered rescues/_trace (44.3ms)
Rendered rescues/_request_and_response (1.4ms)
Rendering rescues/layout (internal_server_error)


Processing UserSessionsController#new (for 127.0.0.1 at 2011-05-24 11:50:36) [GET]

NameError (uninitialized constant Authlogic):
  app/models/user_session.rb:1
  app/controllers/user_sessions_controller.rb:3:in `new'
  sass (3.1.1) lib/sass/./sass/plugin/rack.rb:54:in `call'

Rendered rescues/_trace (40.3ms)
Rendered rescues/_request_and_response (0.3ms)
Rendering rescues/layout (internal_server_error)


Processing UserSessionsController#new (for 127.0.0.1 at 2011-05-24 11:50:37) [GET]

NameError (uninitialized constant Authlogic):
  app/models/user_session.rb:1
  app/controllers/user_sessions_controller.rb:3:in `new'
  sass (3.1.1) lib/sass/./sass/plugin/rack.rb:54:in `call'

Rendered rescues/_trace (43.9ms)
Rendered rescues/_request_and_response (0.3ms)
Rendering rescues/layout (internal_server_error)


Processing UsersController#new (for 127.0.0.1 at 2011-05-24 11:54:43) [GET]
  Parameters: {"action"=>"new", "controller"=>"users"}
  [4;36;1mSQL (0.6ms)[0m   [0;1m SELECT name
 FROM sqlite_master
 WHERE type = 'table' AND NOT name = 'sqlite_sequence'
[0m
  [4;35;1mSQL (0.2ms)[0m   [0m SELECT name
 FROM sqlite_master
 WHERE type = 'table' AND NOT name = 'sqlite_sequence'
[0m

NameError (undefined local variable or method `acts_as_authentic' for #<Class:0x1035a2a18>):
  /Library/Ruby/Gems/1.8/gems/will_paginate-2.3.15/lib/will_paginate/finder.rb:170:in `method_missing'
  app/models/user.rb:2
  app/controllers/users_controller.rb:3:in `new'
  sass (3.1.1) lib/sass/./sass/plugin/rack.rb:54:in `call'

Rendered rescues/_trace (83.4ms)
Rendered rescues/_request_and_response (0.3ms)
Rendering rescues/layout (internal_server_error)


Processing UsersController#new (for 127.0.0.1 at 2011-05-24 11:55:58) [GET]
  Parameters: {"action"=>"new", "controller"=>"users"}
Rendering template within layouts/application
Rendering users/new
Completed in 70ms (View: 28, DB: 0) | 200 OK [http://localhost/users/new]


Processing UserSessionsController#new (for 127.0.0.1 at 2011-05-24 11:56:31) [GET]
  Parameters: {"action"=>"new", "controller"=>"user_sessions"}
Rendering template within layouts/application
Rendering user_sessions/new

ActionView::TemplateError (form_for outputs directly to the Haml template.
Disregard its return value and use the - operator,
or use capture_haml to get the value as a String.
) on line #18 of app/views/user_sessions/new.html.haml:
15:   %p
16:     = f.submit "Log in"

    haml (3.1.1) lib/haml/buffer.rb:139:in `format_script_false_false_false_false_false_false_false'
    app/views/user_sessions/new.html.haml:18:in `_run_haml_app47views47user_sessions47new46html46haml'
    haml (3.1.1) rails/./lib/haml/helpers/action_view_mods.rb:13:in `render'
    haml (3.1.1) rails/./lib/haml/helpers/action_view_mods.rb:13:in `render'
    sass (3.1.1) lib/sass/./sass/plugin/rack.rb:54:in `call'

Rendered rescues/_trace (146.2ms)
Rendered rescues/_request_and_response (1.2ms)
Rendering rescues/layout (internal_server_error)


Processing UsersController#new (for 127.0.0.1 at 2011-05-24 11:58:43) [GET]
  Parameters: {"action"=>"new", "controller"=>"users"}
Rendering template within layouts/application
Rendering users/new
Completed in 17ms (View: 7, DB: 0) | 200 OK [http://localhost/users/new]


Processing UserSessionsController#new (for 127.0.0.1 at 2011-05-24 11:58:50) [GET]
  Parameters: {"action"=>"new", "controller"=>"user_sessions"}
Rendering template within layouts/application
Rendering user_sessions/new

ActionView::TemplateError (form_for outputs directly to the Haml template.
Disregard its return value and use the - operator,
or use capture_haml to get the value as a String.
) on line #18 of app/views/user_sessions/new.html.haml:
15:   %p
16:     = f.submit "Log in"

    haml (3.1.1) lib/haml/buffer.rb:139:in `format_script_false_false_false_false_false_false_false'
    app/views/user_sessions/new.html.haml:18:in `_run_haml_app47views47user_sessions47new46html46haml'
    haml (3.1.1) rails/./lib/haml/helpers/action_view_mods.rb:13:in `render'
    haml (3.1.1) rails/./lib/haml/helpers/action_view_mods.rb:13:in `render'
    sass (3.1.1) lib/sass/./sass/plugin/rack.rb:54:in `call'

Rendered rescues/_trace (150.6ms)
Rendered rescues/_request_and_response (0.3ms)
Rendering rescues/layout (internal_server_error)


Processing UserSessionsController#new (for 127.0.0.1 at 2011-05-24 11:59:31) [GET]
  Parameters: {"action"=>"new", "controller"=>"user_sessions"}
Rendering template within layouts/application
Rendering user_sessions/new

ActionView::TemplateError (form_for outputs directly to the Haml template.
Disregard its return value and use the - operator,
or use capture_haml to get the value as a String.
) on line #18 of app/views/user_sessions/new.html.haml:
15:   %p
16:     = f.submit "Log in"

    haml (3.1.1) lib/haml/buffer.rb:139:in `format_script_false_false_false_false_false_false_false'
    app/views/user_sessions/new.html.haml:18:in `_run_haml_app47views47user_sessions47new46html46haml'
    haml (3.1.1) rails/./lib/haml/helpers/action_view_mods.rb:13:in `render'
    haml (3.1.1) rails/./lib/haml/helpers/action_view_mods.rb:13:in `render'
    sass (3.1.1) lib/sass/./sass/plugin/rack.rb:54:in `call'

Rendered rescues/_trace (48.6ms)
Rendered rescues/_request_and_response (0.4ms)
Rendering rescues/layout (internal_server_error)


Processing UserSessionsController#new (for 127.0.0.1 at 2011-05-24 11:59:33) [GET]
  Parameters: {"action"=>"new", "controller"=>"user_sessions"}
Rendering template within layouts/application
Rendering user_sessions/new

ActionView::TemplateError (form_for outputs directly to the Haml template.
Disregard its return value and use the - operator,
or use capture_haml to get the value as a String.
) on line #18 of app/views/user_sessions/new.html.haml:
15:   %p
16:     = f.submit "Log in"

    haml (3.1.1) lib/haml/buffer.rb:139:in `format_script_false_false_false_false_false_false_false'
    app/views/user_sessions/new.html.haml:18:in `_run_haml_app47views47user_sessions47new46html46haml'
    haml (3.1.1) rails/./lib/haml/helpers/action_view_mods.rb:13:in `render'
    haml (3.1.1) rails/./lib/haml/helpers/action_view_mods.rb:13:in `render'
    sass (3.1.1) lib/sass/./sass/plugin/rack.rb:54:in `call'

Rendered rescues/_trace (52.5ms)
Rendered rescues/_request_and_response (0.3ms)
Rendering rescues/layout (internal_server_error)


Processing UserSessionsController#new (for 127.0.0.1 at 2011-05-24 11:59:57) [GET]
  Parameters: {"action"=>"new", "controller"=>"user_sessions"}
Rendering template within layouts/application
Rendering user_sessions/new

ActionView::TemplateError (form_for outputs directly to the Haml template.
Disregard its return value and use the - operator,
or use capture_haml to get the value as a String.
) on line #18 of app/views/user_sessions/new.html.haml:
15:   %p
16:     = f.submit "Log in"

    haml (3.1.1) lib/haml/buffer.rb:139:in `format_script_false_false_false_false_false_false_false'
    app/views/user_sessions/new.html.haml:18:in `_run_haml_app47views47user_sessions47new46html46haml'
    haml (3.1.1) rails/./lib/haml/helpers/action_view_mods.rb:13:in `render'
    haml (3.1.1) rails/./lib/haml/helpers/action_view_mods.rb:13:in `render'
    sass (3.1.1) lib/sass/./sass/plugin/rack.rb:54:in `call'

Rendered rescues/_trace (50.7ms)
Rendered rescues/_request_and_response (0.3ms)
Rendering rescues/layout (internal_server_error)


Processing UsersController#new (for 127.0.0.1 at 2011-05-24 12:06:01) [GET]
  Parameters: {"action"=>"new", "controller"=>"users"}
  [4;36;1mSQL (0.5ms)[0m   [0;1m SELECT name
 FROM sqlite_master
 WHERE type = 'table' AND NOT name = 'sqlite_sequence'
[0m
  [4;35;1mSQL (0.2ms)[0m   [0m SELECT name
 FROM sqlite_master
 WHERE type = 'table' AND NOT name = 'sqlite_sequence'
[0m

NameError (undefined local variable or method `acts_as_authentic' for #<Class:0x10348b5f8>):
  app/models/user.rb:2
  app/controllers/users_controller.rb:3:in `new'

Rendered rescues/_trace (41.5ms)
Rendered rescues/_request_and_response (1.3ms)
Rendering rescues/layout (internal_server_error)


Processing UsersController#new (for 127.0.0.1 at 2011-05-24 12:06:14) [GET]
  Parameters: {"action"=>"new", "controller"=>"users"}
  [4;36;1mSQL (0.9ms)[0m   [0;1m SELECT name
 FROM sqlite_master
 WHERE type = 'table' AND NOT name = 'sqlite_sequence'
[0m
  [4;35;1mSQL (0.2ms)[0m   [0m SELECT name
 FROM sqlite_master
 WHERE type = 'table' AND NOT name = 'sqlite_sequence'
[0m

NameError (undefined local variable or method `acts_as_authentic' for #<Class:0x10321f300>):
  app/models/user.rb:2
  app/controllers/users_controller.rb:3:in `new'

Rendered rescues/_trace (130.0ms)
Rendered rescues/_request_and_response (0.3ms)
Rendering rescues/layout (internal_server_error)


Processing UsersController#new (for 127.0.0.1 at 2011-05-24 12:07:23) [GET]
  Parameters: {"action"=>"new", "controller"=>"users"}
Rendering template within layouts/application
Rendering users/new
Completed in 35ms (View: 25, DB: 0) | 200 OK [http://localhost/users/new]


Processing UsersController#new (for 127.0.0.1 at 2011-05-24 12:13:53) [GET]
  Parameters: {"action"=>"new", "controller"=>"users"}
Rendering template within layouts/application
Rendering users/new
Completed in 126ms (View: 29, DB: 0) | 200 OK [http://localhost/users/new]


Processing ApplicationController#index (for 127.0.0.1 at 2011-05-24 12:36:58) [GET]

ActionController::RoutingError (No route matches "/singup" with {:method=>:get}):
  sass (3.1.1) rails/./lib/sass/plugin/rack.rb:54:in `call'
  /System/Library/Frameworks/Ruby.framework/Versions/1.8/usr/lib/ruby/1.8/webrick/httpserver.rb:104:in `service'
  /System/Library/Frameworks/Ruby.framework/Versions/1.8/usr/lib/ruby/1.8/webrick/httpserver.rb:65:in `run'
  /System/Library/Frameworks/Ruby.framework/Versions/1.8/usr/lib/ruby/1.8/webrick/server.rb:173:in `start_thread'
  /System/Library/Frameworks/Ruby.framework/Versions/1.8/usr/lib/ruby/1.8/webrick/server.rb:162:in `start'
  /System/Library/Frameworks/Ruby.framework/Versions/1.8/usr/lib/ruby/1.8/webrick/server.rb:162:in `start_thread'
  /System/Library/Frameworks/Ruby.framework/Versions/1.8/usr/lib/ruby/1.8/webrick/server.rb:95:in `start'
  /System/Library/Frameworks/Ruby.framework/Versions/1.8/usr/lib/ruby/1.8/webrick/server.rb:92:in `each'
  /System/Library/Frameworks/Ruby.framework/Versions/1.8/usr/lib/ruby/1.8/webrick/server.rb:92:in `start'
  /System/Library/Frameworks/Ruby.framework/Versions/1.8/usr/lib/ruby/1.8/webrick/server.rb:23:in `start'
  /System/Library/Frameworks/Ruby.framework/Versions/1.8/usr/lib/ruby/1.8/webrick/server.rb:82:in `start'

Rendering rescues/layout (not_found)


Processing UsersController#new (for 127.0.0.1 at 2011-05-24 12:36:58) [GET]
  Parameters: {"action"=>"new", "controller"=>"users"}
Rendering template within layouts/application
Rendering users/new
Completed in 548ms (View: 79, DB: 0) | 200 OK [http://localhost/signup]


Processing UserSessionsController#new (for 127.0.0.1 at 2011-05-24 12:37:12) [GET]
  Parameters: {"action"=>"new", "controller"=>"user_sessions"}
Rendering template within layouts/application
Rendering user_sessions/new

ActionView::TemplateError (form_for outputs directly to the Haml template.
Disregard its return value and use the - operator,
or use capture_haml to get the value as a String.
) on line #18 of app/views/user_sessions/new.html.haml:
15:   %p
16:     = f.submit "Log in"

    haml (3.1.1) lib/haml/buffer.rb:139:in `format_script_false_false_false_false_false_false_false'
    app/views/user_sessions/new.html.haml:18:in `_run_haml_app47views47user_sessions47new46html46haml'
    haml (3.1.1) rails/./lib/haml/helpers/action_view_mods.rb:13:in `render'
    haml (3.1.1) rails/./lib/haml/helpers/action_view_mods.rb:13:in `render'
    compass (0.11.1) lib/compass/app_integration/rails/actionpack2/action_controller.rb:7:in `process'
    sass (3.1.1) rails/./lib/sass/plugin/rack.rb:54:in `call'
    /System/Library/Frameworks/Ruby.framework/Versions/1.8/usr/lib/ruby/1.8/webrick/httpserver.rb:104:in `service'
    /System/Library/Frameworks/Ruby.framework/Versions/1.8/usr/lib/ruby/1.8/webrick/httpserver.rb:65:in `run'
    /System/Library/Frameworks/Ruby.framework/Versions/1.8/usr/lib/ruby/1.8/webrick/server.rb:173:in `start_thread'
    /System/Library/Frameworks/Ruby.framework/Versions/1.8/usr/lib/ruby/1.8/webrick/server.rb:162:in `start'
    /System/Library/Frameworks/Ruby.framework/Versions/1.8/usr/lib/ruby/1.8/webrick/server.rb:162:in `start_thread'
    /System/Library/Frameworks/Ruby.framework/Versions/1.8/usr/lib/ruby/1.8/webrick/server.rb:95:in `start'
    /System/Library/Frameworks/Ruby.framework/Versions/1.8/usr/lib/ruby/1.8/webrick/server.rb:92:in `each'
    /System/Library/Frameworks/Ruby.framework/Versions/1.8/usr/lib/ruby/1.8/webrick/server.rb:92:in `start'
    /System/Library/Frameworks/Ruby.framework/Versions/1.8/usr/lib/ruby/1.8/webrick/server.rb:23:in `start'
    /System/Library/Frameworks/Ruby.framework/Versions/1.8/usr/lib/ruby/1.8/webrick/server.rb:82:in `start'

Rendered rescues/_trace (41.4ms)
Rendered rescues/_request_and_response (1.2ms)
Rendering rescues/layout (internal_server_error)


Processing UserSessionsController#new (for 127.0.0.1 at 2011-05-24 12:37:16) [GET]
  Parameters: {"action"=>"new", "controller"=>"user_sessions"}
Rendering template within layouts/application
Rendering user_sessions/new

ActionView::TemplateError (form_for outputs directly to the Haml template.
Disregard its return value and use the - operator,
or use capture_haml to get the value as a String.
) on line #18 of app/views/user_sessions/new.html.haml:
15:   %p
16:     = f.submit "Log in"

    haml (3.1.1) lib/haml/buffer.rb:139:in `format_script_false_false_false_false_false_false_false'
    app/views/user_sessions/new.html.haml:18:in `_run_haml_app47views47user_sessions47new46html46haml'
    haml (3.1.1) rails/./lib/haml/helpers/action_view_mods.rb:13:in `render'
    haml (3.1.1) rails/./lib/haml/helpers/action_view_mods.rb:13:in `render'
    compass (0.11.1) lib/compass/app_integration/rails/actionpack2/action_controller.rb:7:in `process'
    sass (3.1.1) rails/./lib/sass/plugin/rack.rb:54:in `call'
    /System/Library/Frameworks/Ruby.framework/Versions/1.8/usr/lib/ruby/1.8/webrick/httpserver.rb:104:in `service'
    /System/Library/Frameworks/Ruby.framework/Versions/1.8/usr/lib/ruby/1.8/webrick/httpserver.rb:65:in `run'
    /System/Library/Frameworks/Ruby.framework/Versions/1.8/usr/lib/ruby/1.8/webrick/server.rb:173:in `start_thread'
    /System/Library/Frameworks/Ruby.framework/Versions/1.8/usr/lib/ruby/1.8/webrick/server.rb:162:in `start'
    /System/Library/Frameworks/Ruby.framework/Versions/1.8/usr/lib/ruby/1.8/webrick/server.rb:162:in `start_thread'
    /System/Library/Frameworks/Ruby.framework/Versions/1.8/usr/lib/ruby/1.8/webrick/server.rb:95:in `start'
    /System/Library/Frameworks/Ruby.framework/Versions/1.8/usr/lib/ruby/1.8/webrick/server.rb:92:in `each'
    /System/Library/Frameworks/Ruby.framework/Versions/1.8/usr/lib/ruby/1.8/webrick/server.rb:92:in `start'
    /System/Library/Frameworks/Ruby.framework/Versions/1.8/usr/lib/ruby/1.8/webrick/server.rb:23:in `start'
    /System/Library/Frameworks/Ruby.framework/Versions/1.8/usr/lib/ruby/1.8/webrick/server.rb:82:in `start'

Rendered rescues/_trace (39.7ms)
Rendered rescues/_request_and_response (0.3ms)
Rendering rescues/layout (internal_server_error)


Processing UserSessionsController#new (for 127.0.0.1 at 2011-05-24 12:37:50) [GET]
  Parameters: {"action"=>"new", "controller"=>"user_sessions"}
Rendering template within layouts/application
Rendering user_sessions/new
Completed in 35ms (View: 12, DB: 0) | 200 OK [http://localhost/login]


Processing UserSessionsController#new (for 127.0.0.1 at 2011-05-24 12:39:20) [GET]
  Parameters: {"action"=>"new", "controller"=>"user_sessions"}
Rendering template within layouts/application
Rendering user_sessions/new
Completed in 39ms (View: 14, DB: 0) | 200 OK [http://localhost/login]


Processing UserSessionsController#new (for 127.0.0.1 at 2011-05-24 12:41:47) [GET]
  Parameters: {"action"=>"new", "controller"=>"user_sessions"}
Rendering template within layouts/application
Rendering user_sessions/new
Completed in 27ms (View: 5, DB: 0) | 200 OK [http://localhost/login]


Processing UsersController#new (for 127.0.0.1 at 2011-05-24 12:41:51) [GET]
  Parameters: {"action"=>"new", "controller"=>"users"}
Rendering template within layouts/application
Rendering users/new
Rendered partials/_header (1.5ms)
Completed in 153ms (View: 23, DB: 0) | 200 OK [http://localhost/signup]


Processing UsersController#new (for 127.0.0.1 at 2011-05-24 12:45:19) [GET]
  Parameters: {"action"=>"new", "controller"=>"users"}
Rendering template within layouts/application
Rendering users/new
Rendered partials/_header (0.1ms)
Completed in 75ms (View: 7, DB: 0) | 200 OK [http://localhost/signup]


Processing UsersController#new (for 127.0.0.1 at 2011-05-24 12:46:46) [GET]
  Parameters: {"action"=>"new", "controller"=>"users"}
Rendering template within layouts/application
Rendering users/new
Rendered partials/_header (0.1ms)
Completed in 135ms (View: 113, DB: 0) | 200 OK [http://localhost/signup]


Processing UsersController#new (for 127.0.0.1 at 2011-05-24 12:48:43) [GET]
  Parameters: {"action"=>"new", "controller"=>"users"}
Rendering template within layouts/application
Rendering users/new
Rendered partials/_header (0.1ms)
Completed in 31ms (View: 8, DB: 0) | 200 OK [http://localhost/signup]


Processing UsersController#new (for 127.0.0.1 at 2011-05-24 12:49:00) [GET]
  Parameters: {"action"=>"new", "controller"=>"users"}
Rendering template within layouts/application
Rendering users/new
Completed in 38ms (View: 15, DB: 0) | 200 OK [http://localhost/signup]


Processing UsersController#new (for 127.0.0.1 at 2011-05-24 12:50:35) [GET]
  Parameters: {"action"=>"new", "controller"=>"users"}
Rendering template within layouts/application
Rendering users/new
Rendered partials/_header (0.1ms)
Completed in 78ms (View: 17, DB: 0) | 200 OK [http://localhost/signup]


Processing UsersController#new (for 127.0.0.1 at 2011-05-24 12:50:41) [GET]
  Parameters: {"action"=>"new", "controller"=>"users"}
Rendering template within layouts/application
Rendering users/new
Rendered partials/_header (0.1ms)
Completed in 38ms (View: 16, DB: 0) | 200 OK [http://localhost/signup]


Processing UsersController#new (for 127.0.0.1 at 2011-05-24 12:50:50) [GET]
  Parameters: {"action"=>"new", "controller"=>"users"}
Rendering template within layouts/application
Rendering users/new
Rendered partials/_header (0.1ms)
Completed in 144ms (View: 16, DB: 0) | 200 OK [http://localhost/signup]


Processing UsersController#new (for 127.0.0.1 at 2011-05-24 12:50:55) [GET]
  Parameters: {"action"=>"new", "controller"=>"users"}
Rendering template within layouts/application
Rendering users/new
Rendered partials/_header (0.1ms)
Completed in 41ms (View: 18, DB: 0) | 200 OK [http://localhost/signup]


Processing UsersController#new (for 127.0.0.1 at 2011-05-24 12:51:14) [GET]
  Parameters: {"action"=>"new", "controller"=>"users"}
Rendering template within layouts/application
Rendering users/new
Rendered partials/_header (0.1ms)
Completed in 141ms (View: 8, DB: 0) | 200 OK [http://localhost/signup]


Processing UsersController#new (for 127.0.0.1 at 2011-05-24 12:51:44) [GET]
  Parameters: {"action"=>"new", "controller"=>"users"}
Rendering template within layouts/application
Rendering users/new
Rendered partials/_header (0.1ms)
Completed in 37ms (View: 15, DB: 0) | 200 OK [http://localhost/signup]


Processing UsersController#new (for 127.0.0.1 at 2011-05-24 12:51:50) [GET]
  Parameters: {"action"=>"new", "controller"=>"users"}
Rendering template within layouts/application
Rendering users/new
Rendered partials/_header (0.1ms)
Completed in 145ms (View: 122, DB: 0) | 200 OK [http://localhost/signup]


Processing UsersController#new (for 127.0.0.1 at 2011-05-24 12:52:37) [GET]
  Parameters: {"action"=>"new", "controller"=>"users"}
Rendering template within layouts/application
Rendering users/new
Rendered partials/_header (0.1ms)
Completed in 37ms (View: 15, DB: 0) | 200 OK [http://localhost/signup]


Processing UsersController#new (for 127.0.0.1 at 2011-05-24 12:53:00) [GET]
  Parameters: {"action"=>"new", "controller"=>"users"}
Rendering template within layouts/application
Rendering users/new
Rendered partials/_header (0.1ms)
Completed in 153ms (View: 16, DB: 0) | 200 OK [http://localhost/signup]


Processing UsersController#new (for 127.0.0.1 at 2011-05-24 12:53:22) [GET]
  Parameters: {"action"=>"new", "controller"=>"users"}
Rendering template within layouts/application
Rendering users/new
Rendered partials/_header (0.1ms)
Completed in 39ms (View: 16, DB: 0) | 200 OK [http://localhost/signup]


Processing UsersController#new (for 127.0.0.1 at 2011-05-24 12:53:43) [GET]
  Parameters: {"action"=>"new", "controller"=>"users"}
Rendering template within layouts/application
Rendering users/new
Rendered partials/_header (0.1ms)
Completed in 151ms (View: 16, DB: 0) | 200 OK [http://localhost/signup]


Processing UsersController#new (for 127.0.0.1 at 2011-05-24 12:54:03) [GET]
  Parameters: {"action"=>"new", "controller"=>"users"}
Rendering template within layouts/application
Rendering users/new
Rendered partials/_header (0.1ms)
Completed in 36ms (View: 15, DB: 0) | 200 OK [http://localhost/signup]


Processing UsersController#new (for 127.0.0.1 at 2011-05-24 12:54:33) [GET]
  Parameters: {"action"=>"new", "controller"=>"users"}
Rendering template within layouts/application
Rendering users/new
Rendered partials/_header (0.1ms)
Completed in 40ms (View: 16, DB: 0) | 200 OK [http://localhost/signup]


Processing UsersController#new (for 127.0.0.1 at 2011-05-24 14:14:20) [GET]
  Parameters: {"action"=>"new", "controller"=>"users"}
Rendering template within layouts/application
Rendering users/new
Rendered partials/_header (0.1ms)
Completed in 89ms (View: 15, DB: 0) | 200 OK [http://localhost/signup]


Processing UsersController#new (for 127.0.0.1 at 2011-05-24 14:14:46) [GET]
  Parameters: {"action"=>"new", "controller"=>"users"}
Rendering template within layouts/application
Rendering users/new
Rendered partials/_header (0.1ms)
Completed in 40ms (View: 16, DB: 0) | 200 OK [http://localhost/signup]


Processing UsersController#new (for 127.0.0.1 at 2011-05-24 14:15:10) [GET]
  Parameters: {"action"=>"new", "controller"=>"users"}
Rendering template within layouts/application
Rendering users/new
Rendered partials/_header (0.1ms)
Completed in 37ms (View: 15, DB: 0) | 200 OK [http://localhost/signup]


Processing UsersController#new (for 127.0.0.1 at 2011-05-24 14:15:38) [GET]
  Parameters: {"action"=>"new", "controller"=>"users"}
Rendering template within layouts/application
Rendering users/new
Rendered partials/_header (0.1ms)
Completed in 41ms (View: 17, DB: 0) | 200 OK [http://localhost/signup]


Processing UsersController#new (for 127.0.0.1 at 2011-05-24 14:16:00) [GET]
  Parameters: {"action"=>"new", "controller"=>"users"}
Rendering template within layouts/application
Rendering users/new
Rendered partials/_header (0.1ms)
Completed in 145ms (View: 123, DB: 0) | 200 OK [http://localhost/signup]


Processing UsersController#new (for 127.0.0.1 at 2011-05-24 14:16:25) [GET]
  Parameters: {"action"=>"new", "controller"=>"users"}
Rendering template within layouts/application
Rendering users/new
Rendered partials/_header (0.1ms)
Completed in 39ms (View: 16, DB: 0) | 200 OK [http://localhost/signup]


Processing UsersController#new (for 127.0.0.1 at 2011-05-24 14:16:57) [GET]
  Parameters: {"action"=>"new", "controller"=>"users"}
Rendering template within layouts/application
Rendering users/new
Rendered partials/_header (0.1ms)
Completed in 149ms (View: 15, DB: 0) | 200 OK [http://localhost/signup]


Processing UsersController#new (for 127.0.0.1 at 2011-05-24 14:17:44) [GET]
  Parameters: {"action"=>"new", "controller"=>"users"}
Rendering template within layouts/application
Rendering users/new
Rendered partials/_header (0.1ms)
Completed in 38ms (View: 15, DB: 0) | 200 OK [http://localhost/signup]


Processing UsersController#new (for 127.0.0.1 at 2011-05-24 14:18:13) [GET]
  Parameters: {"action"=>"new", "controller"=>"users"}
Rendering template within layouts/application
Rendering users/new
Rendered partials/_header (0.1ms)
Completed in 150ms (View: 15, DB: 0) | 200 OK [http://localhost/signup]


Processing UsersController#new (for 127.0.0.1 at 2011-05-24 14:18:33) [GET]
  Parameters: {"action"=>"new", "controller"=>"users"}
Rendering template within layouts/application
Rendering users/new
Rendered partials/_header (0.1ms)
Completed in 37ms (View: 15, DB: 0) | 200 OK [http://localhost/signup]
=======
>>>>>>> 595e2e6b478340231fcc4f72af4a138fd1dec93a


Processing ApplicationController#index (for 127.0.0.1 at 2011-05-25 11:13:54) [GET]

ActionController::RoutingError (No route matches "/" with {:method=>:get}):
  sass (3.1.1) rails/./lib/sass/plugin/rack.rb:54:in `call'
  /System/Library/Frameworks/Ruby.framework/Versions/1.8/usr/lib/ruby/1.8/webrick/httpserver.rb:104:in `service'
  /System/Library/Frameworks/Ruby.framework/Versions/1.8/usr/lib/ruby/1.8/webrick/httpserver.rb:65:in `run'
  /System/Library/Frameworks/Ruby.framework/Versions/1.8/usr/lib/ruby/1.8/webrick/server.rb:173:in `start_thread'
  /System/Library/Frameworks/Ruby.framework/Versions/1.8/usr/lib/ruby/1.8/webrick/server.rb:162:in `start'
  /System/Library/Frameworks/Ruby.framework/Versions/1.8/usr/lib/ruby/1.8/webrick/server.rb:162:in `start_thread'
  /System/Library/Frameworks/Ruby.framework/Versions/1.8/usr/lib/ruby/1.8/webrick/server.rb:95:in `start'
  /System/Library/Frameworks/Ruby.framework/Versions/1.8/usr/lib/ruby/1.8/webrick/server.rb:92:in `each'
  /System/Library/Frameworks/Ruby.framework/Versions/1.8/usr/lib/ruby/1.8/webrick/server.rb:92:in `start'
  /System/Library/Frameworks/Ruby.framework/Versions/1.8/usr/lib/ruby/1.8/webrick/server.rb:23:in `start'
  /System/Library/Frameworks/Ruby.framework/Versions/1.8/usr/lib/ruby/1.8/webrick/server.rb:82:in `start'

Rendering rescues/layout (not_found)


Processing UsersController#new (for 127.0.0.1 at 2011-05-25 11:13:57) [GET]
  Parameters: {"action"=>"new", "controller"=>"users"}
Rendering template within layouts/application
Rendering users/new
Rendered partials/_header (26.6ms)
Completed in 322ms (View: 123, DB: 0) | 200 OK [http://localhost/signup]


Processing ApplicationController#index (for 127.0.0.1 at 2011-05-25 11:14:54) [GET]

ActionController::RoutingError (No route matches "/" with {:method=>:get}):
  sass (3.1.1) rails/./lib/sass/plugin/rack.rb:54:in `call'
  /System/Library/Frameworks/Ruby.framework/Versions/1.8/usr/lib/ruby/1.8/webrick/httpserver.rb:104:in `service'
  /System/Library/Frameworks/Ruby.framework/Versions/1.8/usr/lib/ruby/1.8/webrick/httpserver.rb:65:in `run'
  /System/Library/Frameworks/Ruby.framework/Versions/1.8/usr/lib/ruby/1.8/webrick/server.rb:173:in `start_thread'
  /System/Library/Frameworks/Ruby.framework/Versions/1.8/usr/lib/ruby/1.8/webrick/server.rb:162:in `start'
  /System/Library/Frameworks/Ruby.framework/Versions/1.8/usr/lib/ruby/1.8/webrick/server.rb:162:in `start_thread'
  /System/Library/Frameworks/Ruby.framework/Versions/1.8/usr/lib/ruby/1.8/webrick/server.rb:95:in `start'
  /System/Library/Frameworks/Ruby.framework/Versions/1.8/usr/lib/ruby/1.8/webrick/server.rb:92:in `each'
  /System/Library/Frameworks/Ruby.framework/Versions/1.8/usr/lib/ruby/1.8/webrick/server.rb:92:in `start'
  /System/Library/Frameworks/Ruby.framework/Versions/1.8/usr/lib/ruby/1.8/webrick/server.rb:23:in `start'
  /System/Library/Frameworks/Ruby.framework/Versions/1.8/usr/lib/ruby/1.8/webrick/server.rb:82:in `start'

Rendering rescues/layout (not_found)


Processing ApplicationController#index (for 127.0.0.1 at 2011-05-25 11:14:55) [GET]

ActionController::RoutingError (No route matches "/" with {:method=>:get}):
  sass (3.1.1) rails/./lib/sass/plugin/rack.rb:54:in `call'
  /System/Library/Frameworks/Ruby.framework/Versions/1.8/usr/lib/ruby/1.8/webrick/httpserver.rb:104:in `service'
  /System/Library/Frameworks/Ruby.framework/Versions/1.8/usr/lib/ruby/1.8/webrick/httpserver.rb:65:in `run'
  /System/Library/Frameworks/Ruby.framework/Versions/1.8/usr/lib/ruby/1.8/webrick/server.rb:173:in `start_thread'
  /System/Library/Frameworks/Ruby.framework/Versions/1.8/usr/lib/ruby/1.8/webrick/server.rb:162:in `start'
  /System/Library/Frameworks/Ruby.framework/Versions/1.8/usr/lib/ruby/1.8/webrick/server.rb:162:in `start_thread'
  /System/Library/Frameworks/Ruby.framework/Versions/1.8/usr/lib/ruby/1.8/webrick/server.rb:95:in `start'
  /System/Library/Frameworks/Ruby.framework/Versions/1.8/usr/lib/ruby/1.8/webrick/server.rb:92:in `each'
  /System/Library/Frameworks/Ruby.framework/Versions/1.8/usr/lib/ruby/1.8/webrick/server.rb:92:in `start'
  /System/Library/Frameworks/Ruby.framework/Versions/1.8/usr/lib/ruby/1.8/webrick/server.rb:23:in `start'
  /System/Library/Frameworks/Ruby.framework/Versions/1.8/usr/lib/ruby/1.8/webrick/server.rb:82:in `start'

Rendering rescues/layout (not_found)


Processing UserSessionsController#new (for 127.0.0.1 at 2011-05-25 11:15:01) [GET]
  Parameters: {"action"=>"new", "controller"=>"user_sessions"}
Rendering template within layouts/application
Rendering user_sessions/new
Completed in 75ms (View: 50, DB: 0) | 200 OK [http://localhost/]


Processing UsersController#new (for 127.0.0.1 at 2011-05-25 11:15:06) [GET]
  Parameters: {"action"=>"new", "controller"=>"users"}
Rendering template within layouts/application
Rendering users/new
Rendered partials/_header (0.1ms)
Completed in 33ms (View: 9, DB: 0) | 200 OK [http://localhost/signup]


Processing UserSessionsController#new (for 127.0.0.1 at 2011-05-25 11:15:08) [GET]
  Parameters: {"action"=>"new", "controller"=>"user_sessions"}
Rendering template within layouts/application
Rendering user_sessions/new
Completed in 29ms (View: 5, DB: 0) | 200 OK [http://localhost/login]


Processing UserSessionsController#new (for 127.0.0.1 at 2011-05-25 11:15:27) [GET]
  Parameters: {"action"=>"new", "controller"=>"user_sessions"}
Rendering template within layouts/application
Rendering user_sessions/new
Completed in 28ms (View: 5, DB: 0) | 200 OK [http://localhost/login]
